Arguments: 
  C:\Program Files\nodejs\node.exe C:\Program Files\nodejs\node_modules\yarn\bin\yarn.js init

PATH: 
  C:\Program Files (x86)\VMware\VMware Workstation\bin\;C:\Program Files\Eclipse Foundation\jdk-16.0.2.7-hotspot\bin;C:\Program Files (x86)\Common Files\Oracle\Java\javapath;C:\Windows\system32;C:\Windows;C:\Windows\System32\Wbem;C:\Windows\System32\WindowsPowerShell\v1.0\;C:\Windows\System32\OpenSSH\;C:\Program Files (x86)\NVIDIA Corporation\PhysX\Common;C:\Program Files\NVIDIA Corporation\NVIDIA NvDLISR;C:\Program Files\Git\cmd;C:\Go\bin;C:\WINDOWS\system32;C:\WINDOWS;C:\WINDOWS\System32\Wbem;C:\WINDOWS\System32\WindowsPowerShell\v1.0\;C:\WINDOWS\System32\OpenSSH\;C:\Users\arnau\Documents\flutter\bin;C:\Program Files\dotnet\;C:\Program Files\PuTTY\;C:\Users\arnau\OneDrive\Documents\B1 Ynov - Informatique\php\piscine-php2122\phpzip;C:\wamp64\bin\php\php7.4.26;C:\composer;C:\Users\arnau\scoop\shims;%USEPROFILE%\AppData\Roaming\npm\;C:\Users\arnau\AppData\Roaming\nvm;C:\Program Files\nodejs;C:\Program Files (x86)\dotnet\;C:\Program Files\Docker\Docker\resources\bin;C:\Program Files\MongoDB\Server\6.0\bin;C:\Program Files\mongosh\bin;C:\Users\arnau\AppData\Local\Programs\Microsoft VS Code\bin;C:\Users\arnau\Documents\flutter_windows_2.5.3-stable.zip\flutter\bin;C:\Users\arnau\.dotnet\tools;C:\msys64\mingw64\bin;C:\Users\arnau\composer;C:\Users\arnau\AppData\Roaming\Composer\vendor\bin;C:\Program Files\heroku\bin;C:\Program Files\MySQL;C:\Users\arnau\AppData\Local\Microsoft\WindowsApps

Yarn version: 
  1.22.19

Node version: 
  17.5.0

Platform: 
  win32 x64

Trace: 
  Error: canceled
      at Interface.<anonymous> (C:\Users\arnau\AppData\Roaming\nvm\v17.5.0\node_modules\yarn\lib\cli.js:137150:13)
      at Interface.emit (node:events:526:28)
      at Interface.[_ttyWrite] [as _ttyWrite] (node:internal/readline/interface:1104:18)
      at ReadStream.onkeypress (node:internal/readline/interface:269:20)
      at ReadStream.emit (node:events:526:28)
      at emitKeys (node:internal/readline/utils:358:14)
      at emitKeys.next (<anonymous>)
      at ReadStream.onData (node:internal/readline/emitKeypressEvents:64:36)
      at ReadStream.emit (node:events:526:28)
      at addChunk (node:internal/streams/readable:324:12)

npm manifest: 
  No manifest

yarn manifest: 
  No manifest

Lockfile: 
  No lockfile
